{
  "RSpec": {
    "coverage": {
      "/Users/yamashitakazuhiko/src/github.com/pyama86/macklog/lib/macklog.rb": [
        1,
        1,
        1,
        1,
        null,
        1,
        1,
        1,
        1,
        null
      ],
      "/Users/yamashitakazuhiko/src/github.com/pyama86/macklog/lib/macklog/cli.rb": [
        1,
        null,
        1,
        1,
        1,
        1,
        1,
        1,
        1,
        null,
        null,
        null,
        null,
        null,
        null,
        6,
        null,
        6,
        1,
        1,
        null,
        null,
        5,
        null,
        5,
        2,
        null,
        null,
        null,
        1,
        1,
        5,
        null,
        2,
        null,
        3,
        null,
        5,
        null,
        null,
        1,
        2,
        2,
        null,
        2,
        2,
        2,
        null,
        0,
        null,
        null,
        null,
        1,
        2,
        2,
        null,
        null,
        null,
        1,
        3,
        3,
        null,
        2,
        null,
        1,
        null,
        0,
        null,
        null,
        0,
        null,
        null,
        null,
        null,
        null
      ]
    },
    "timestamp": 1437383134
  }
}
