{
  "RSpec": {
    "coverage": {
      "/Users/yamashitakazuhiko/src/github.com/pyama86/macklog/lib/macklog.rb": [
        1,
        1,
        1,
        1,
        null,
        1,
        1,
        1,
        1,
        1,
        null
      ],
      "/Users/yamashitakazuhiko/src/github.com/pyama86/macklog/lib/macklog/cli.rb": [
        1,
        null,
        1,
        1,
        1,
        1,
        1,
        1,
        1,
        1,
        null,
        null,
        null,
        null,
        null,
        null,
        10,
        null,
        10,
        1,
        1,
        null,
        9,
        5,
        null,
        1,
        1,
        1,
        11,
        11,
        null,
        null,
        1,
        11,
        null,
        5,
        null,
        6,
        null,
        11,
        null,
        null,
        1,
        6,
        6,
        null,
        6,
        6,
        6,
        null,
        0,
        null,
        null,
        null,
        1,
        6,
        6,
        null,
        null,
        null,
        1,
        7,
        7,
        null,
        2,
        null,
        4,
        null,
        1,
        null,
        0,
        null,
        null,
        0,
        null,
        null,
        null,
        null,
        null
      ]
    },
    "timestamp": 1438087132
  }
}
